Using pre-set license
Built from '2021.1/staging' branch; Version is '2021.1.7f1 (d91830b65d9b) revision 14227504'; Using compiler version '192528614'; Build Type 'Release'
OS: 'Windows 10 Education; OS build 19042.1237; Version 2009; 64bit' Language: 'tr' Physical Memory: 16269 MB
BatchMode: 1, IsHumanControllingUs: 0, StartBugReporterOnCrash: 0, Is64bit: 1, IsPro: 0

 COMMAND LINE ARGUMENTS:
C:\Program Files\Unity\Hub\Editor\2021.1.7f1\Editor\Unity.exe
-adb2
-batchMode
-noUpm
-name
AssetImportWorker0
-projectPath
E:/Yedek/oyunlar/miknatiss
-logFile
Logs/AssetImportWorker0.log
-srvPort
58048
Successfully changed project path to: E:/Yedek/oyunlar/miknatiss
E:/Yedek/oyunlar/miknatiss
Using Asset Import Pipeline V2.
Refreshing native plugins compatible for Editor in 578.46 ms, found 2 plugins.
Preloading 0 native plugins for Editor in 0.00 ms.
Initialize engine version: 2021.1.7f1 (d91830b65d9b)
[Subsystems] Discovering subsystems at path C:/Program Files/Unity/Hub/Editor/2021.1.7f1/Editor/Data/Resources/UnitySubsystems
[Subsystems] Discovering subsystems at path E:/Yedek/oyunlar/miknatiss/Assets
GfxDevice: creating device client; threaded=0; jobified=0
Direct3D:
    Version:  Direct3D 11.0 [level 11.0]
    Renderer: NVIDIA GeForce GTX 950M (ID=0x139a)
    Vendor:   NVIDIA
    VRAM:     2010 MB
    Driver:   27.21.14.6611
Initialize mono
Mono path[0] = 'C:/Program Files/Unity/Hub/Editor/2021.1.7f1/Editor/Data/Managed'
Mono path[1] = 'C:/Program Files/Unity/Hub/Editor/2021.1.7f1/Editor/Data/MonoBleedingEdge/lib/mono/unityjit'
Mono config path = 'C:/Program Files/Unity/Hub/Editor/2021.1.7f1/Editor/Data/MonoBleedingEdge/etc'
Using monoOptions --debugger-agent=transport=dt_socket,embedding=1,server=y,suspend=n,address=127.0.0.1:56600
Begin MonoManager ReloadAssembly
Registering precompiled unity dll's ...
Register platform support module: C:/Program Files/Unity/Hub/Editor/2021.1.7f1/Editor/Data/PlaybackEngines/WindowsStandaloneSupport/UnityEditor.WindowsStandalone.Extensions.dll
Registered in 0.008944 seconds.
Native extension for WindowsStandalone target not found
Refreshing native plugins compatible for Editor in 489.39 ms, found 2 plugins.
Preloading 0 native plugins for Editor in 0.00 ms.
Mono: successfully reloaded assembly
- Completed reload, in 13.694 seconds
Platform modules already initialized, skipping
Registering precompiled user dll's ...
Registered in 0.026891 seconds.
Begin MonoManager ReloadAssembly
Symbol file LoadedFromMemory doesn't match image E:\Yedek\oyunlar\miknatiss\Library\PackageCache\com.unity.visualscripting@1.6.1\Editor\VisualScripting.Core\Dependencies\DotNetZip\Unity.VisualScripting.IonicZip.dll
Symbol file LoadedFromMemory doesn't match image E:\Yedek\oyunlar\miknatiss\Library\PackageCache\com.unity.visualscripting@1.6.1\Editor\VisualScripting.Core\Dependencies\YamlDotNet\Unity.VisualScripting.YamlDotNet.dll
Native extension for WindowsStandalone target not found
Refreshing native plugins compatible for Editor in 775.81 ms, found 2 plugins.
Preloading 0 native plugins for Editor in 0.00 ms.
Mono: successfully reloaded assembly
- Completed reload, in  6.360 seconds
Platform modules already initialized, skipping
========================================================================
Worker process is ready to serve import requests
Launched and connected shader compiler UnityShaderCompiler.exe after 0.42 seconds
Refreshing native plugins compatible for Editor in 2.65 ms, found 2 plugins.
Preloading 0 native plugins for Editor in 0.00 ms.
Unloading 3691 Unused Serialized files (Serialized files now loaded: 0)
System memory in use before: 162.1 MB.
System memory in use after: 162.2 MB.

Unloading 87 unused Assets to reduce memory usage. Loaded Objects now: 4125.
Total: 9.227100 ms (FindLiveObjects: 0.905800 ms CreateObjectMapping: 0.558600 ms MarkObjects: 7.430500 ms  DeleteObjects: 0.328700 ms)

========================================================================
Received Prepare
Registering precompiled user dll's ...
Registered in 0.025330 seconds.
Begin MonoManager ReloadAssembly
Symbol file LoadedFromMemory doesn't match image E:\Yedek\oyunlar\miknatiss\Library\PackageCache\com.unity.visualscripting@1.6.1\Editor\VisualScripting.Core\Dependencies\DotNetZip\Unity.VisualScripting.IonicZip.dll
Symbol file LoadedFromMemory doesn't match image E:\Yedek\oyunlar\miknatiss\Library\PackageCache\com.unity.visualscripting@1.6.1\Editor\VisualScripting.Core\Dependencies\YamlDotNet\Unity.VisualScripting.YamlDotNet.dll
Native extension for WindowsStandalone target not found
Refreshing native plugins compatible for Editor in 4.22 ms, found 2 plugins.
Preloading 0 native plugins for Editor in 0.00 ms.
Mono: successfully reloaded assembly
- Completed reload, in  5.148 seconds
Platform modules already initialized, skipping
Switching build target platform(19) subTarget(0) extendedPlatform(0) -> platform(13) subTarget(537395200) extendedPlatform(0)
Refreshing native plugins compatible for Editor in 4.48 ms, found 2 plugins.
Preloading 0 native plugins for Editor in 0.00 ms.
Unloading 3649 Unused Serialized files (Serialized files now loaded: 0)
System memory in use before: 158.3 MB.
System memory in use after: 158.4 MB.

Unloading 76 unused Assets to reduce memory usage. Loaded Objects now: 4128.
Total: 9.329800 ms (FindLiveObjects: 0.723000 ms CreateObjectMapping: 0.614200 ms MarkObjects: 7.649100 ms  DeleteObjects: 0.340200 ms)

AssetImportParameters requested are different than current active one (requested -> active):
  custom:graphics/normal-map-encoding: 01000000000000000000000000000000 -> 02000000000000000000000000000000
========================================================================
Received Import Request.
  path: Assets/Scenes/10.unity
  artifactKey: Guid(c72bd68456286ae4ab1c8c076cce375b) Importer(815301076,1909f56bfc062723c751e8b465ee728b)
Start importing Assets/Scenes/10.unity using Guid(c72bd68456286ae4ab1c8c076cce375b) Importer(815301076,1909f56bfc062723c751e8b465ee728b)  -> (artifact id: 'e1e49f7270c7091c0a057c04c1730697') in 0.089054 seconds 
========================================================================
Received Prepare
Registering precompiled user dll's ...
Registered in 0.024558 seconds.
Begin MonoManager ReloadAssembly
Symbol file LoadedFromMemory doesn't match image E:\Yedek\oyunlar\miknatiss\Library\PackageCache\com.unity.visualscripting@1.6.1\Editor\VisualScripting.Core\Dependencies\DotNetZip\Unity.VisualScripting.IonicZip.dll
Symbol file LoadedFromMemory doesn't match image E:\Yedek\oyunlar\miknatiss\Library\PackageCache\com.unity.visualscripting@1.6.1\Editor\VisualScripting.Core\Dependencies\YamlDotNet\Unity.VisualScripting.YamlDotNet.dll
Native extension for WindowsStandalone target not found
Refreshing native plugins compatible for Editor in 4.73 ms, found 2 plugins.
Preloading 0 native plugins for Editor in 0.00 ms.
Mono: successfully reloaded assembly
- Completed reload, in  4.160 seconds
Platform modules already initialized, skipping
Switching build target platform(19) subTarget(0) extendedPlatform(0) -> platform(13) subTarget(537395200) extendedPlatform(0)
Refreshing native plugins compatible for Editor in 3.31 ms, found 2 plugins.
Preloading 0 native plugins for Editor in 0.00 ms.
Unloading 3649 Unused Serialized files (Serialized files now loaded: 0)
System memory in use before: 158.4 MB.
System memory in use after: 158.5 MB.

Unloading 76 unused Assets to reduce memory usage. Loaded Objects now: 4131.
Total: 9.421800 ms (FindLiveObjects: 0.698200 ms CreateObjectMapping: 0.590600 ms MarkObjects: 7.757300 ms  DeleteObjects: 0.372500 ms)

AssetImportParameters requested are different than current active one (requested -> active):
  custom:graphics/normal-map-encoding: 01000000000000000000000000000000 -> 02000000000000000000000000000000
========================================================================
Received Import Request.
  Time since last request: 125.303219 seconds.
  path: Assets/Scenes/15.unity
  artifactKey: Guid(efffce76eb7fdca4abaf467320a62288) Importer(815301076,1909f56bfc062723c751e8b465ee728b)
Start importing Assets/Scenes/15.unity using Guid(efffce76eb7fdca4abaf467320a62288) Importer(815301076,1909f56bfc062723c751e8b465ee728b)  -> (artifact id: '2aae6e391646573302cb0a4f9130348f') in 0.073960 seconds 
========================================================================
Received Prepare
Registering precompiled user dll's ...
Registered in 0.024834 seconds.
Begin MonoManager ReloadAssembly
Symbol file LoadedFromMemory doesn't match image E:\Yedek\oyunlar\miknatiss\Library\PackageCache\com.unity.visualscripting@1.6.1\Editor\VisualScripting.Core\Dependencies\DotNetZip\Unity.VisualScripting.IonicZip.dll
Symbol file LoadedFromMemory doesn't match image E:\Yedek\oyunlar\miknatiss\Library\PackageCache\com.unity.visualscripting@1.6.1\Editor\VisualScripting.Core\Dependencies\YamlDotNet\Unity.VisualScripting.YamlDotNet.dll
Native extension for WindowsStandalone target not found
Refreshing native plugins compatible for Editor in 3.30 ms, found 2 plugins.
Preloading 0 native plugins for Editor in 0.00 ms.
Mono: successfully reloaded assembly
- Completed reload, in  4.334 seconds
Platform modules already initialized, skipping
Switching build target platform(19) subTarget(0) extendedPlatform(0) -> platform(13) subTarget(537395200) extendedPlatform(0)
Refreshing native plugins compatible for Editor in 3.21 ms, found 2 plugins.
Preloading 0 native plugins for Editor in 0.00 ms.
Unloading 3649 Unused Serialized files (Serialized files now loaded: 0)
System memory in use before: 158.4 MB.
System memory in use after: 158.5 MB.

Unloading 76 unused Assets to reduce memory usage. Loaded Objects now: 4134.
Total: 8.482100 ms (FindLiveObjects: 0.720800 ms CreateObjectMapping: 0.617400 ms MarkObjects: 6.800200 ms  DeleteObjects: 0.340800 ms)

AssetImportParameters requested are different than current active one (requested -> active):
  custom:graphics/normal-map-encoding: 01000000000000000000000000000000 -> 02000000000000000000000000000000
========================================================================
Received Import Request.
  Time since last request: 67.522218 seconds.
  path: Assets/Scenes/20.unity
  artifactKey: Guid(e29c731f8f48d164db95c271a11c7202) Importer(815301076,1909f56bfc062723c751e8b465ee728b)
Start importing Assets/Scenes/20.unity using Guid(e29c731f8f48d164db95c271a11c7202) Importer(815301076,1909f56bfc062723c751e8b465ee728b)  -> (artifact id: 'f58e041642b25cf489ace844cd6119e2') in 0.069900 seconds 
========================================================================
Received Prepare
Registering precompiled user dll's ...
Registered in 0.024616 seconds.
Begin MonoManager ReloadAssembly
Symbol file LoadedFromMemory doesn't match image E:\Yedek\oyunlar\miknatiss\Library\PackageCache\com.unity.visualscripting@1.6.1\Editor\VisualScripting.Core\Dependencies\DotNetZip\Unity.VisualScripting.IonicZip.dll
Symbol file LoadedFromMemory doesn't match image E:\Yedek\oyunlar\miknatiss\Library\PackageCache\com.unity.visualscripting@1.6.1\Editor\VisualScripting.Core\Dependencies\YamlDotNet\Unity.VisualScripting.YamlDotNet.dll
Native extension for WindowsStandalone target not found
Refreshing native plugins compatible for Editor in 3.19 ms, found 2 plugins.
Preloading 0 native plugins for Editor in 0.00 ms.
Mono: successfully reloaded assembly
- Completed reload, in  4.437 seconds
Platform modules already initialized, skipping
Switching build target platform(19) subTarget(0) extendedPlatform(0) -> platform(13) subTarget(537395200) extendedPlatform(0)
Refreshing native plugins compatible for Editor in 3.33 ms, found 2 plugins.
Preloading 0 native plugins for Editor in 0.00 ms.
Unloading 3649 Unused Serialized files (Serialized files now loaded: 0)
System memory in use before: 158.4 MB.
System memory in use after: 158.5 MB.

Unloading 76 unused Assets to reduce memory usage. Loaded Objects now: 4137.
Total: 8.485300 ms (FindLiveObjects: 0.712900 ms CreateObjectMapping: 0.570300 ms MarkObjects: 6.857600 ms  DeleteObjects: 0.340000 ms)

AssetImportParameters requested are different than current active one (requested -> active):
  custom:graphics/normal-map-encoding: 01000000000000000000000000000000 -> 02000000000000000000000000000000
========================================================================
Received Import Request.
  Time since last request: 64.230242 seconds.
  path: Assets/Scenes/25.unity
  artifactKey: Guid(8709d37e201439e43abfb9438930c8ea) Importer(815301076,1909f56bfc062723c751e8b465ee728b)
Start importing Assets/Scenes/25.unity using Guid(8709d37e201439e43abfb9438930c8ea) Importer(815301076,1909f56bfc062723c751e8b465ee728b)  -> (artifact id: '820300535f1af22db4485a80caf8732b') in 0.069274 seconds 
========================================================================
Received Prepare
Registering precompiled user dll's ...
Registered in 0.024547 seconds.
Begin MonoManager ReloadAssembly
Symbol file LoadedFromMemory doesn't match image E:\Yedek\oyunlar\miknatiss\Library\PackageCache\com.unity.visualscripting@1.6.1\Editor\VisualScripting.Core\Dependencies\DotNetZip\Unity.VisualScripting.IonicZip.dll
Symbol file LoadedFromMemory doesn't match image E:\Yedek\oyunlar\miknatiss\Library\PackageCache\com.unity.visualscripting@1.6.1\Editor\VisualScripting.Core\Dependencies\YamlDotNet\Unity.VisualScripting.YamlDotNet.dll
Native extension for WindowsStandalone target not found
Refreshing native plugins compatible for Editor in 3.64 ms, found 2 plugins.
Preloading 0 native plugins for Editor in 0.00 ms.
Mono: successfully reloaded assembly
- Completed reload, in  4.469 seconds
Platform modules already initialized, skipping
Switching build target platform(19) subTarget(0) extendedPlatform(0) -> platform(13) subTarget(537395200) extendedPlatform(0)
Refreshing native plugins compatible for Editor in 3.25 ms, found 2 plugins.
Preloading 0 native plugins for Editor in 0.00 ms.
Unloading 3649 Unused Serialized files (Serialized files now loaded: 0)
System memory in use before: 158.5 MB.
System memory in use after: 158.6 MB.

Unloading 76 unused Assets to reduce memory usage. Loaded Objects now: 4140.
Total: 8.755800 ms (FindLiveObjects: 0.754800 ms CreateObjectMapping: 0.588600 ms MarkObjects: 7.051800 ms  DeleteObjects: 0.357400 ms)

AssetImportParameters requested are different than current active one (requested -> active):
  custom:graphics/normal-map-encoding: 01000000000000000000000000000000 -> 02000000000000000000000000000000
========================================================================
Received Import Request.
  Time since last request: 75.551787 seconds.
  path: Assets/Scenes/30.unity
  artifactKey: Guid(ccdb59c2267c78e4bb5ce4ccfa7a23d0) Importer(815301076,1909f56bfc062723c751e8b465ee728b)
Start importing Assets/Scenes/30.unity using Guid(ccdb59c2267c78e4bb5ce4ccfa7a23d0) Importer(815301076,1909f56bfc062723c751e8b465ee728b)  -> (artifact id: '0252115b3e52e418b40d56a62be2e006') in 0.067711 seconds 
========================================================================
Received Prepare
Registering precompiled user dll's ...
Registered in 0.024726 seconds.
Begin MonoManager ReloadAssembly
Symbol file LoadedFromMemory doesn't match image E:\Yedek\oyunlar\miknatiss\Library\PackageCache\com.unity.visualscripting@1.6.1\Editor\VisualScripting.Core\Dependencies\DotNetZip\Unity.VisualScripting.IonicZip.dll
Symbol file LoadedFromMemory doesn't match image E:\Yedek\oyunlar\miknatiss\Library\PackageCache\com.unity.visualscripting@1.6.1\Editor\VisualScripting.Core\Dependencies\YamlDotNet\Unity.VisualScripting.YamlDotNet.dll
Native extension for WindowsStandalone target not found
Refreshing native plugins compatible for Editor in 4.14 ms, found 2 plugins.
Preloading 0 native plugins for Editor in 0.00 ms.
Mono: successfully reloaded assembly
- Completed reload, in  4.485 seconds
Platform modules already initialized, skipping
Switching build target platform(19) subTarget(0) extendedPlatform(0) -> platform(13) subTarget(537395200) extendedPlatform(0)
Refreshing native plugins compatible for Editor in 3.16 ms, found 2 plugins.
Preloading 0 native plugins for Editor in 0.00 ms.
Unloading 3649 Unused Serialized files (Serialized files now loaded: 0)
System memory in use before: 158.5 MB.
System memory in use after: 158.6 MB.

Unloading 76 unused Assets to reduce memory usage. Loaded Objects now: 4143.
Total: 8.497400 ms (FindLiveObjects: 0.718300 ms CreateObjectMapping: 0.578700 ms MarkObjects: 6.862400 ms  DeleteObjects: 0.335000 ms)

AssetImportParameters requested are different than current active one (requested -> active):
  custom:graphics/normal-map-encoding: 01000000000000000000000000000000 -> 02000000000000000000000000000000
========================================================================
Received Import Request.
  Time since last request: 64.824558 seconds.
  path: Assets/Scenes/35.unity
  artifactKey: Guid(86de365fabdabea47acd016ec858d36a) Importer(815301076,1909f56bfc062723c751e8b465ee728b)
Start importing Assets/Scenes/35.unity using Guid(86de365fabdabea47acd016ec858d36a) Importer(815301076,1909f56bfc062723c751e8b465ee728b)  -> (artifact id: '692c5aa3687f5ce374ae3cc3dab9b928') in 0.068606 seconds 
========================================================================
Received Prepare
Registering precompiled user dll's ...
Registered in 0.026535 seconds.
Begin MonoManager ReloadAssembly
Symbol file LoadedFromMemory doesn't match image E:\Yedek\oyunlar\miknatiss\Library\PackageCache\com.unity.visualscripting@1.6.1\Editor\VisualScripting.Core\Dependencies\DotNetZip\Unity.VisualScripting.IonicZip.dll
Symbol file LoadedFromMemory doesn't match image E:\Yedek\oyunlar\miknatiss\Library\PackageCache\com.unity.visualscripting@1.6.1\Editor\VisualScripting.Core\Dependencies\YamlDotNet\Unity.VisualScripting.YamlDotNet.dll
Native extension for WindowsStandalone target not found
Refreshing native plugins compatible for Editor in 3.33 ms, found 2 plugins.
Preloading 0 native plugins for Editor in 0.00 ms.
Mono: successfully reloaded assembly
- Completed reload, in  4.526 seconds
Platform modules already initialized, skipping
Switching build target platform(19) subTarget(0) extendedPlatform(0) -> platform(13) subTarget(537395200) extendedPlatform(0)
Refreshing native plugins compatible for Editor in 4.15 ms, found 2 plugins.
Preloading 0 native plugins for Editor in 0.00 ms.
Unloading 3649 Unused Serialized files (Serialized files now loaded: 0)
System memory in use before: 158.5 MB.
System memory in use after: 158.6 MB.

Unloading 76 unused Assets to reduce memory usage. Loaded Objects now: 4146.
Total: 8.835600 ms (FindLiveObjects: 0.720500 ms CreateObjectMapping: 0.685300 ms MarkObjects: 7.023300 ms  DeleteObjects: 0.402600 ms)

AssetImportParameters requested are different than current active one (requested -> active):
  custom:graphics/normal-map-encoding: 01000000000000000000000000000000 -> 02000000000000000000000000000000
========================================================================
Received Import Request.
  Time since last request: 90.967335 seconds.
  path: Assets/Scenes/40.unity
  artifactKey: Guid(8ca73dc731129c84eb3644f5f4907cca) Importer(815301076,1909f56bfc062723c751e8b465ee728b)
Start importing Assets/Scenes/40.unity using Guid(8ca73dc731129c84eb3644f5f4907cca) Importer(815301076,1909f56bfc062723c751e8b465ee728b)  -> (artifact id: '6358eb15fedd2aca9b00d2267f0a3ce0') in 0.061095 seconds 
========================================================================
Received Prepare
Registering precompiled user dll's ...
Registered in 0.032833 seconds.
Begin MonoManager ReloadAssembly
Symbol file LoadedFromMemory doesn't match image E:\Yedek\oyunlar\miknatiss\Library\PackageCache\com.unity.visualscripting@1.6.1\Editor\VisualScripting.Core\Dependencies\DotNetZip\Unity.VisualScripting.IonicZip.dll
Symbol file LoadedFromMemory doesn't match image E:\Yedek\oyunlar\miknatiss\Library\PackageCache\com.unity.visualscripting@1.6.1\Editor\VisualScripting.Core\Dependencies\YamlDotNet\Unity.VisualScripting.YamlDotNet.dll
Native extension for WindowsStandalone target not found
Refreshing native plugins compatible for Editor in 3.27 ms, found 2 plugins.
Preloading 0 native plugins for Editor in 0.00 ms.
Mono: successfully reloaded assembly
- Completed reload, in  5.472 seconds
Platform modules already initialized, skipping
Switching build target platform(19) subTarget(0) extendedPlatform(0) -> platform(13) subTarget(537395200) extendedPlatform(0)
Refreshing native plugins compatible for Editor in 3.15 ms, found 2 plugins.
Preloading 0 native plugins for Editor in 0.00 ms.
Unloading 3649 Unused Serialized files (Serialized files now loaded: 0)
System memory in use before: 158.5 MB.
System memory in use after: 158.6 MB.

Unloading 76 unused Assets to reduce memory usage. Loaded Objects now: 4149.
Total: 9.002200 ms (FindLiveObjects: 0.752200 ms CreateObjectMapping: 0.691600 ms MarkObjects: 7.204500 ms  DeleteObjects: 0.350400 ms)

AssetImportParameters requested are different than current active one (requested -> active):
  custom:graphics/normal-map-encoding: 01000000000000000000000000000000 -> 02000000000000000000000000000000
========================================================================
Received Import Request.
  Time since last request: 108.441377 seconds.
  path: Assets/GoogleMobileAds/Editor/Resources/DummyAds/AdImages/300x250.png
  artifactKey: Guid(898f886a39d714db5b90d2c36676c894) Importer(815301076,1909f56bfc062723c751e8b465ee728b)
Start importing Assets/GoogleMobileAds/Editor/Resources/DummyAds/AdImages/300x250.png using Guid(898f886a39d714db5b90d2c36676c894) Importer(815301076,1909f56bfc062723c751e8b465ee728b)  -> (artifact id: '6589add10084a9b985a461bc426fca7c') in 0.781740 seconds 
========================================================================
Received Import Request.
  Time since last request: 0.000783 seconds.
  path: Assets/GoogleMobileAds/Editor/Resources/DummyAds/AdImages/320x100.png
  artifactKey: Guid(1a2723ddf964e4565a408007ab387283) Importer(815301076,1909f56bfc062723c751e8b465ee728b)
Start importing Assets/GoogleMobileAds/Editor/Resources/DummyAds/AdImages/320x100.png using Guid(1a2723ddf964e4565a408007ab387283) Importer(815301076,1909f56bfc062723c751e8b465ee728b)  -> (artifact id: 'e01bcaa7c197a1a34a27a10999bbe281') in 0.063207 seconds 
========================================================================
Received Import Request.
  Time since last request: 0.000756 seconds.
  path: Assets/GoogleMobileAds/Editor/Resources/DummyAds/AdImages/320x480.png
  artifactKey: Guid(77d9c04b43d404f44ab60d7159b279bb) Importer(815301076,1909f56bfc062723c751e8b465ee728b)
Start importing Assets/GoogleMobileAds/Editor/Resources/DummyAds/AdImages/320x480.png using Guid(77d9c04b43d404f44ab60d7159b279bb) Importer(815301076,1909f56bfc062723c751e8b465ee728b)  -> (artifact id: '30d2691662143e18ccbf6c05f1f74408') in 0.463728 seconds 
========================================================================
Received Import Request.
  Time since last request: 0.000755 seconds.
  path: Assets/GoogleMobileAds/Editor/Resources/DummyAds/AdImages/320x50.png
  artifactKey: Guid(5a6531d4c9c484d679a2d6f9e6fefed5) Importer(815301076,1909f56bfc062723c751e8b465ee728b)
Start importing Assets/GoogleMobileAds/Editor/Resources/DummyAds/AdImages/320x50.png using Guid(5a6531d4c9c484d679a2d6f9e6fefed5) Importer(815301076,1909f56bfc062723c751e8b465ee728b)  -> (artifact id: 'a9f1cc6bb66080c97f9b0a1215adfcef') in 0.056102 seconds 
========================================================================
Received Import Request.
  Time since last request: 0.000699 seconds.
  path: Assets/GoogleMobileAds/Editor/Resources/DummyAds/AdImages/1024x768.png
  artifactKey: Guid(4c69db43dbd474a2987be5807129b4cc) Importer(815301076,1909f56bfc062723c751e8b465ee728b)
Start importing Assets/GoogleMobileAds/Editor/Resources/DummyAds/AdImages/1024x768.png using Guid(4c69db43dbd474a2987be5807129b4cc) Importer(815301076,1909f56bfc062723c751e8b465ee728b)  -> (artifact id: 'a1c67b2e7be6fde870a6c38844990acb') in 0.126593 seconds 
========================================================================
Received Import Request.
  Time since last request: 0.000836 seconds.
  path: Assets/GoogleMobileAds/Editor/Resources/DummyAds/AdImages/468x60.png
  artifactKey: Guid(74358f5fb13a549aabac4a5a7ac76739) Importer(815301076,1909f56bfc062723c751e8b465ee728b)
Start importing Assets/GoogleMobileAds/Editor/Resources/DummyAds/AdImages/468x60.png using Guid(74358f5fb13a549aabac4a5a7ac76739) Importer(815301076,1909f56bfc062723c751e8b465ee728b)  -> (artifact id: '1404329dc9de31aabd007f3e133bf6c8') in 0.057199 seconds 
========================================================================
Received Import Request.
  Time since last request: 0.000775 seconds.
  path: Assets/GoogleMobileAds/Editor/Resources/DummyAds/AdImages/480x320.png
  artifactKey: Guid(d30303c99ba3f4b9b9924da34e6d742d) Importer(815301076,1909f56bfc062723c751e8b465ee728b)
Start importing Assets/GoogleMobileAds/Editor/Resources/DummyAds/AdImages/480x320.png using Guid(d30303c99ba3f4b9b9924da34e6d742d) Importer(815301076,1909f56bfc062723c751e8b465ee728b)  -> (artifact id: '64b414115357fcc4f5e910a82e98e995') in 0.124708 seconds 
========================================================================
Received Import Request.
  Time since last request: 0.000785 seconds.
  path: Assets/GoogleMobileAds/Editor/Resources/DummyAds/AdImages/728x90.png
  artifactKey: Guid(cfead63ff9d9d48e2b4ba3c2dee7cea9) Importer(815301076,1909f56bfc062723c751e8b465ee728b)
Start importing Assets/GoogleMobileAds/Editor/Resources/DummyAds/AdImages/728x90.png using Guid(cfead63ff9d9d48e2b4ba3c2dee7cea9) Importer(815301076,1909f56bfc062723c751e8b465ee728b)  -> (artifact id: '04b45fbe810137c8dfed2547dfbf30bf') in 0.069969 seconds 
========================================================================
Received Import Request.
  Time since last request: 0.000631 seconds.
  path: Assets/GoogleMobileAds/Editor/Resources/DummyAds/AdImages/768x1024.png
  artifactKey: Guid(8a53f9c63a5e94b14a98698a7b07365b) Importer(815301076,1909f56bfc062723c751e8b465ee728b)
Start importing Assets/GoogleMobileAds/Editor/Resources/DummyAds/AdImages/768x1024.png using Guid(8a53f9c63a5e94b14a98698a7b07365b) Importer(815301076,1909f56bfc062723c751e8b465ee728b)  -> (artifact id: '665613725d17926a18b83382269a4ccc') in 0.095962 seconds 
========================================================================
Received Import Request.
  Time since last request: 172.147901 seconds.
  path: Assets/Scenes/0.unity
  artifactKey: Guid(21585b359d6636842ad5c8123c1c1692) Importer(815301076,1909f56bfc062723c751e8b465ee728b)
Start importing Assets/Scenes/0.unity using Guid(21585b359d6636842ad5c8123c1c1692) Importer(815301076,1909f56bfc062723c751e8b465ee728b)  -> (artifact id: '8aa93ce0c91f2c61bb965d253dbfbcfc') in 0.026433 seconds 
========================================================================
Received Prepare
Registering precompiled user dll's ...
Registered in 0.024537 seconds.
Begin MonoManager ReloadAssembly
Symbol file LoadedFromMemory doesn't match image E:\Yedek\oyunlar\miknatiss\Library\PackageCache\com.unity.visualscripting@1.6.1\Editor\VisualScripting.Core\Dependencies\DotNetZip\Unity.VisualScripting.IonicZip.dll
Symbol file LoadedFromMemory doesn't match image E:\Yedek\oyunlar\miknatiss\Library\PackageCache\com.unity.visualscripting@1.6.1\Editor\VisualScripting.Core\Dependencies\YamlDotNet\Unity.VisualScripting.YamlDotNet.dll
Native extension for WindowsStandalone target not found
Refreshing native plugins compatible for Editor in 3.65 ms, found 2 plugins.
Preloading 0 native plugins for Editor in 0.00 ms.
Mono: successfully reloaded assembly
- Completed reload, in  4.538 seconds
Platform modules already initialized, skipping
Switching build target platform(19) subTarget(0) extendedPlatform(0) -> platform(13) subTarget(537395200) extendedPlatform(0)
Refreshing native plugins compatible for Editor in 3.18 ms, found 2 plugins.
Preloading 0 native plugins for Editor in 0.00 ms.
Unloading 3658 Unused Serialized files (Serialized files now loaded: 0)
System memory in use before: 172.8 MB.
System memory in use after: 173.0 MB.

Unloading 76 unused Assets to reduce memory usage. Loaded Objects now: 4307.
Total: 9.029000 ms (FindLiveObjects: 0.761200 ms CreateObjectMapping: 0.583800 ms MarkObjects: 7.334700 ms  DeleteObjects: 0.346200 ms)

AssetImportParameters requested are different than current active one (requested -> active):
  custom:graphics/normal-map-encoding: 01000000000000000000000000000000 -> 02000000000000000000000000000000
========================================================================
Received Import Request.
  Time since last request: 362.639223 seconds.
  path: Assets/1.jpg
  artifactKey: Guid(72225105983d2124489574935e5fa311) Importer(815301076,1909f56bfc062723c751e8b465ee728b)
Start importing Assets/1.jpg using Guid(72225105983d2124489574935e5fa311) Importer(815301076,1909f56bfc062723c751e8b465ee728b)  -> (artifact id: 'd0a379398d136bb06867e5d2ccfa0f2a') in 0.250398 seconds 
========================================================================
Received Import Request.
  Time since last request: 13.031584 seconds.
  path: Assets/1.jpg
  artifactKey: Guid(72225105983d2124489574935e5fa311) Importer(815301076,1909f56bfc062723c751e8b465ee728b)
Start importing Assets/1.jpg using Guid(72225105983d2124489574935e5fa311) Importer(815301076,1909f56bfc062723c751e8b465ee728b)  -> (artifact id: 'b53994352a49d777e8d53cfb600b4da5') in 0.050378 seconds 
========================================================================
Received Import Request.
  Time since last request: 13.775524 seconds.
  path: Assets/1.jpg
  artifactKey: Guid(72225105983d2124489574935e5fa311) Importer(815301076,1909f56bfc062723c751e8b465ee728b)
Start importing Assets/1.jpg using Guid(72225105983d2124489574935e5fa311) Importer(815301076,1909f56bfc062723c751e8b465ee728b)  -> (artifact id: 'ed76aa8eba738b256e5d025b689f9237') in 0.044643 seconds 
========================================================================
Received Prepare
Registering precompiled user dll's ...
Registered in 0.252551 seconds.
Begin MonoManager ReloadAssembly
Symbol file LoadedFromMemory doesn't match image E:\Yedek\oyunlar\miknatiss\Library\PackageCache\com.unity.visualscripting@1.6.1\Editor\VisualScripting.Core\Dependencies\DotNetZip\Unity.VisualScripting.IonicZip.dll
Symbol file LoadedFromMemory doesn't match image E:\Yedek\oyunlar\miknatiss\Library\PackageCache\com.unity.visualscripting@1.6.1\Editor\VisualScripting.Core\Dependencies\YamlDotNet\Unity.VisualScripting.YamlDotNet.dll
Native extension for WindowsStandalone target not found
Refreshing native plugins compatible for Editor in 4.02 ms, found 2 plugins.
Preloading 0 native plugins for Editor in 0.00 ms.
Mono: successfully reloaded assembly
- Completed reload, in  5.999 seconds
Platform modules already initialized, skipping
Switching build target platform(19) subTarget(0) extendedPlatform(0) -> platform(13) subTarget(537395200) extendedPlatform(0)
Refreshing native plugins compatible for Editor in 3.20 ms, found 2 plugins.
Preloading 0 native plugins for Editor in 0.00 ms.
Unloading 3649 Unused Serialized files (Serialized files now loaded: 0)
System memory in use before: 173.7 MB.
System memory in use after: 173.8 MB.

Unloading 76 unused Assets to reduce memory usage. Loaded Objects now: 4355.
Total: 14.566900 ms (FindLiveObjects: 1.093200 ms CreateObjectMapping: 0.993000 ms MarkObjects: 11.980300 ms  DeleteObjects: 0.496700 ms)

AssetImportParameters requested are different than current active one (requested -> active):
  custom:graphics/normal-map-encoding: 01000000000000000000000000000000 -> 02000000000000000000000000000000
========================================================================
Received Import Request.
  Time since last request: 4144.783322 seconds.
  path: Assets/Scenes/34.unity
  artifactKey: Guid(80519a5d7725b0149b97680040565070) Importer(815301076,1909f56bfc062723c751e8b465ee728b)
Start importing Assets/Scenes/34.unity using Guid(80519a5d7725b0149b97680040565070) Importer(815301076,1909f56bfc062723c751e8b465ee728b)  -> (artifact id: '21edf73a0899b29089bb864b40a2bd97') in 0.084316 seconds 
========================================================================
Received Prepare
Registering precompiled user dll's ...
Registered in 0.026952 seconds.
Begin MonoManager ReloadAssembly
Symbol file LoadedFromMemory doesn't match image E:\Yedek\oyunlar\miknatiss\Library\PackageCache\com.unity.visualscripting@1.6.1\Editor\VisualScripting.Core\Dependencies\DotNetZip\Unity.VisualScripting.IonicZip.dll
Symbol file LoadedFromMemory doesn't match image E:\Yedek\oyunlar\miknatiss\Library\PackageCache\com.unity.visualscripting@1.6.1\Editor\VisualScripting.Core\Dependencies\YamlDotNet\Unity.VisualScripting.YamlDotNet.dll
Native extension for WindowsStandalone target not found
Refreshing native plugins compatible for Editor in 3.77 ms, found 2 plugins.
Preloading 0 native plugins for Editor in 0.00 ms.
Mono: successfully reloaded assembly
- Completed reload, in  4.646 seconds
Platform modules already initialized, skipping
Switching build target platform(19) subTarget(0) extendedPlatform(0) -> platform(13) subTarget(537395200) extendedPlatform(0)
Refreshing native plugins compatible for Editor in 3.25 ms, found 2 plugins.
Preloading 0 native plugins for Editor in 0.00 ms.
Unloading 3649 Unused Serialized files (Serialized files now loaded: 0)
System memory in use before: 173.7 MB.
System memory in use after: 173.8 MB.

Unloading 76 unused Assets to reduce memory usage. Loaded Objects now: 4358.
Total: 10.994900 ms (FindLiveObjects: 0.813200 ms CreateObjectMapping: 0.660700 ms MarkObjects: 9.160200 ms  DeleteObjects: 0.357500 ms)

AssetImportParameters requested are different than current active one (requested -> active):
  custom:graphics/normal-map-encoding: 01000000000000000000000000000000 -> 02000000000000000000000000000000
========================================================================
Received Prepare
Registering precompiled user dll's ...
Registered in 0.027299 seconds.
Begin MonoManager ReloadAssembly
Symbol file LoadedFromMemory doesn't match image E:\Yedek\oyunlar\miknatiss\Library\PackageCache\com.unity.visualscripting@1.6.1\Editor\VisualScripting.Core\Dependencies\DotNetZip\Unity.VisualScripting.IonicZip.dll
Symbol file LoadedFromMemory doesn't match image E:\Yedek\oyunlar\miknatiss\Library\PackageCache\com.unity.visualscripting@1.6.1\Editor\VisualScripting.Core\Dependencies\YamlDotNet\Unity.VisualScripting.YamlDotNet.dll
Native extension for WindowsStandalone target not found
Refreshing native plugins compatible for Editor in 3.81 ms, found 2 plugins.
Preloading 0 native plugins for Editor in 0.00 ms.
Mono: successfully reloaded assembly
- Completed reload, in  4.665 seconds
Platform modules already initialized, skipping
Switching build target platform(19) subTarget(0) extendedPlatform(0) -> platform(13) subTarget(537395200) extendedPlatform(0)
Refreshing native plugins compatible for Editor in 3.49 ms, found 2 plugins.
Preloading 0 native plugins for Editor in 0.00 ms.
Unloading 3649 Unused Serialized files (Serialized files now loaded: 0)
System memory in use before: 173.7 MB.
System memory in use after: 173.8 MB.

Unloading 76 unused Assets to reduce memory usage. Loaded Objects now: 4361.
Total: 9.471500 ms (FindLiveObjects: 0.835200 ms CreateObjectMapping: 0.702000 ms MarkObjects: 7.575600 ms  DeleteObjects: 0.355600 ms)

AssetImportParameters requested are different than current active one (requested -> active):
  custom:graphics/normal-map-encoding: 01000000000000000000000000000000 -> 02000000000000000000000000000000
========================================================================
Received Import Request.
  Time since last request: 5170.505330 seconds.
  path: Assets/Scenes/36.unity
  artifactKey: Guid(7838c2e8d7335a54991e19d4bf8a0589) Importer(815301076,1909f56bfc062723c751e8b465ee728b)
Start importing Assets/Scenes/36.unity using Guid(7838c2e8d7335a54991e19d4bf8a0589) Importer(815301076,1909f56bfc062723c751e8b465ee728b)  -> (artifact id: 'a92dc9b466acb3e98e1112a4214d3451') in 0.078445 seconds 
========================================================================
Received Prepare
Registering precompiled user dll's ...
Registered in 0.024749 seconds.
Begin MonoManager ReloadAssembly
Symbol file LoadedFromMemory doesn't match image E:\Yedek\oyunlar\miknatiss\Library\PackageCache\com.unity.visualscripting@1.6.1\Editor\VisualScripting.Core\Dependencies\DotNetZip\Unity.VisualScripting.IonicZip.dll
Symbol file LoadedFromMemory doesn't match image E:\Yedek\oyunlar\miknatiss\Library\PackageCache\com.unity.visualscripting@1.6.1\Editor\VisualScripting.Core\Dependencies\YamlDotNet\Unity.VisualScripting.YamlDotNet.dll
Native extension for WindowsStandalone target not found
Refreshing native plugins compatible for Editor in 3.19 ms, found 2 plugins.
Preloading 0 native plugins for Editor in 0.00 ms.
Mono: successfully reloaded assembly
- Completed reload, in  4.676 seconds
Platform modules already initialized, skipping
Switching build target platform(19) subTarget(0) extendedPlatform(0) -> platform(13) subTarget(537395200) extendedPlatform(0)
Refreshing native plugins compatible for Editor in 3.36 ms, found 2 plugins.
Preloading 0 native plugins for Editor in 0.00 ms.
Unloading 3649 Unused Serialized files (Serialized files now loaded: 0)
System memory in use before: 173.7 MB.
System memory in use after: 173.8 MB.

Unloading 76 unused Assets to reduce memory usage. Loaded Objects now: 4364.
Total: 9.686300 ms (FindLiveObjects: 0.803200 ms CreateObjectMapping: 0.606600 ms MarkObjects: 7.889400 ms  DeleteObjects: 0.383700 ms)

AssetImportParameters requested are different than current active one (requested -> active):
  custom:graphics/normal-map-encoding: 01000000000000000000000000000000 -> 02000000000000000000000000000000
========================================================================
Received Prepare
Registering precompiled user dll's ...
Registered in 0.037303 seconds.
Begin MonoManager ReloadAssembly
Symbol file LoadedFromMemory doesn't match image E:\Yedek\oyunlar\miknatiss\Library\PackageCache\com.unity.visualscripting@1.6.1\Editor\VisualScripting.Core\Dependencies\DotNetZip\Unity.VisualScripting.IonicZip.dll
Symbol file LoadedFromMemory doesn't match image E:\Yedek\oyunlar\miknatiss\Library\PackageCache\com.unity.visualscripting@1.6.1\Editor\VisualScripting.Core\Dependencies\YamlDotNet\Unity.VisualScripting.YamlDotNet.dll
Native extension for WindowsStandalone target not found
Refreshing native plugins compatible for Editor in 3.18 ms, found 2 plugins.
Preloading 0 native plugins for Editor in 0.00 ms.
Mono: successfully reloaded assembly
- Completed reload, in  5.162 seconds
Platform modules already initialized, skipping
Switching build target platform(19) subTarget(0) extendedPlatform(0) -> platform(13) subTarget(537395200) extendedPlatform(0)
Refreshing native plugins compatible for Editor in 6.65 ms, found 2 plugins.
Preloading 0 native plugins for Editor in 0.00 ms.
Unloading 3649 Unused Serialized files (Serialized files now loaded: 0)
System memory in use before: 173.7 MB.
System memory in use after: 173.9 MB.

Unloading 76 unused Assets to reduce memory usage. Loaded Objects now: 4367.
Total: 10.311100 ms (FindLiveObjects: 0.889200 ms CreateObjectMapping: 0.832500 ms MarkObjects: 8.217600 ms  DeleteObjects: 0.366500 ms)

AssetImportParameters requested are different than current active one (requested -> active):
  custom:graphics/normal-map-encoding: 01000000000000000000000000000000 -> 02000000000000000000000000000000
========================================================================
Received Prepare
Registering precompiled user dll's ...
Registered in 0.029462 seconds.
Begin MonoManager ReloadAssembly
Symbol file LoadedFromMemory doesn't match image E:\Yedek\oyunlar\miknatiss\Library\PackageCache\com.unity.visualscripting@1.6.1\Editor\VisualScripting.Core\Dependencies\DotNetZip\Unity.VisualScripting.IonicZip.dll
Symbol file LoadedFromMemory doesn't match image E:\Yedek\oyunlar\miknatiss\Library\PackageCache\com.unity.visualscripting@1.6.1\Editor\VisualScripting.Core\Dependencies\YamlDotNet\Unity.VisualScripting.YamlDotNet.dll
Native extension for WindowsStandalone target not found
Refreshing native plugins compatible for Editor in 3.23 ms, found 2 plugins.
Preloading 0 native plugins for Editor in 0.00 ms.
Mono: successfully reloaded assembly
- Completed reload, in  4.633 seconds
Platform modules already initialized, skipping
Switching build target platform(19) subTarget(0) extendedPlatform(0) -> platform(13) subTarget(537395200) extendedPlatform(0)
Refreshing native plugins compatible for Editor in 3.43 ms, found 2 plugins.
Preloading 0 native plugins for Editor in 0.00 ms.
Unloading 3649 Unused Serialized files (Serialized files now loaded: 0)
System memory in use before: 173.8 MB.
System memory in use after: 173.9 MB.

Unloading 76 unused Assets to reduce memory usage. Loaded Objects now: 4370.
Total: 14.666500 ms (FindLiveObjects: 1.222800 ms CreateObjectMapping: 0.835900 ms MarkObjects: 11.970200 ms  DeleteObjects: 0.633100 ms)

AssetImportParameters requested are different than current active one (requested -> active):
  custom:graphics/normal-map-encoding: 01000000000000000000000000000000 -> 02000000000000000000000000000000
========================================================================
Received Prepare
Registering precompiled user dll's ...
Registered in 0.029673 seconds.
Begin MonoManager ReloadAssembly
Symbol file LoadedFromMemory doesn't match image E:\Yedek\oyunlar\miknatiss\Library\PackageCache\com.unity.visualscripting@1.6.1\Editor\VisualScripting.Core\Dependencies\DotNetZip\Unity.VisualScripting.IonicZip.dll
Symbol file LoadedFromMemory doesn't match image E:\Yedek\oyunlar\miknatiss\Library\PackageCache\com.unity.visualscripting@1.6.1\Editor\VisualScripting.Core\Dependencies\YamlDotNet\Unity.VisualScripting.YamlDotNet.dll
Native extension for WindowsStandalone target not found
Refreshing native plugins compatible for Editor in 3.16 ms, found 2 plugins.
Preloading 0 native plugins for Editor in 0.00 ms.
Mono: successfully reloaded assembly
- Completed reload, in  4.764 seconds
Platform modules already initialized, skipping
Switching build target platform(19) subTarget(0) extendedPlatform(0) -> platform(13) subTarget(537395200) extendedPlatform(0)
Refreshing native plugins compatible for Editor in 3.85 ms, found 2 plugins.
Preloading 0 native plugins for Editor in 0.00 ms.
Unloading 3649 Unused Serialized files (Serialized files now loaded: 0)
System memory in use before: 173.8 MB.
System memory in use after: 173.9 MB.

Unloading 76 unused Assets to reduce memory usage. Loaded Objects now: 4373.
Total: 10.092200 ms (FindLiveObjects: 0.797300 ms CreateObjectMapping: 0.660300 ms MarkObjects: 8.071800 ms  DeleteObjects: 0.559200 ms)

AssetImportParameters requested are different than current active one (requested -> active):
  custom:graphics/normal-map-encoding: 01000000000000000000000000000000 -> 02000000000000000000000000000000
========================================================================
Received Prepare
Registering precompiled user dll's ...
Registered in 0.024399 seconds.
Begin MonoManager ReloadAssembly
Symbol file LoadedFromMemory doesn't match image E:\Yedek\oyunlar\miknatiss\Library\PackageCache\com.unity.visualscripting@1.6.1\Editor\VisualScripting.Core\Dependencies\DotNetZip\Unity.VisualScripting.IonicZip.dll
Symbol file LoadedFromMemory doesn't match image E:\Yedek\oyunlar\miknatiss\Library\PackageCache\com.unity.visualscripting@1.6.1\Editor\VisualScripting.Core\Dependencies\YamlDotNet\Unity.VisualScripting.YamlDotNet.dll
Native extension for WindowsStandalone target not found
Refreshing native plugins compatible for Editor in 3.20 ms, found 2 plugins.
Preloading 0 native plugins for Editor in 0.00 ms.
Mono: successfully reloaded assembly
- Completed reload, in  4.849 seconds
Platform modules already initialized, skipping
Switching build target platform(19) subTarget(0) extendedPlatform(0) -> platform(13) subTarget(537395200) extendedPlatform(0)
Refreshing native plugins compatible for Editor in 3.46 ms, found 2 plugins.
Preloading 0 native plugins for Editor in 0.00 ms.
Unloading 3649 Unused Serialized files (Serialized files now loaded: 0)
System memory in use before: 173.8 MB.
System memory in use after: 173.9 MB.

Unloading 76 unused Assets to reduce memory usage. Loaded Objects now: 4376.
Total: 9.797100 ms (FindLiveObjects: 0.831000 ms CreateObjectMapping: 0.668100 ms MarkObjects: 7.875800 ms  DeleteObjects: 0.418000 ms)

AssetImportParameters requested are different than current active one (requested -> active):
  custom:graphics/normal-map-encoding: 01000000000000000000000000000000 -> 02000000000000000000000000000000
========================================================================
Received Import Request.
  Time since last request: 918.304145 seconds.
  path: Assets/Scenes/37.unity
  artifactKey: Guid(42798d45199022546b2ed32acd8e278b) Importer(815301076,1909f56bfc062723c751e8b465ee728b)
Start importing Assets/Scenes/37.unity using Guid(42798d45199022546b2ed32acd8e278b) Importer(815301076,1909f56bfc062723c751e8b465ee728b)  -> (artifact id: '7521d71f8aa282ab3f327185f24bb04c') in 0.059262 seconds 
========================================================================
Received Prepare
Registering precompiled user dll's ...
Registered in 0.027021 seconds.
Begin MonoManager ReloadAssembly
Symbol file LoadedFromMemory doesn't match image E:\Yedek\oyunlar\miknatiss\Library\PackageCache\com.unity.visualscripting@1.6.1\Editor\VisualScripting.Core\Dependencies\DotNetZip\Unity.VisualScripting.IonicZip.dll
Symbol file LoadedFromMemory doesn't match image E:\Yedek\oyunlar\miknatiss\Library\PackageCache\com.unity.visualscripting@1.6.1\Editor\VisualScripting.Core\Dependencies\YamlDotNet\Unity.VisualScripting.YamlDotNet.dll
Native extension for WindowsStandalone target not found
Refreshing native plugins compatible for Editor in 3.19 ms, found 2 plugins.
Preloading 0 native plugins for Editor in 0.00 ms.
Mono: successfully reloaded assembly
- Completed reload, in  4.751 seconds
Platform modules already initialized, skipping
Switching build target platform(19) subTarget(0) extendedPlatform(0) -> platform(13) subTarget(537395200) extendedPlatform(0)
Refreshing native plugins compatible for Editor in 3.41 ms, found 2 plugins.
Preloading 0 native plugins for Editor in 0.00 ms.
Unloading 3649 Unused Serialized files (Serialized files now loaded: 0)
System memory in use before: 173.8 MB.
System memory in use after: 173.9 MB.

Unloading 76 unused Assets to reduce memory usage. Loaded Objects now: 4379.
Total: 8.865800 ms (FindLiveObjects: 0.801100 ms CreateObjectMapping: 0.647700 ms MarkObjects: 7.061100 ms  DeleteObjects: 0.352500 ms)

AssetImportParameters requested are different than current active one (requested -> active):
  custom:graphics/normal-map-encoding: 01000000000000000000000000000000 -> 02000000000000000000000000000000
========================================================================
Received Import Request.
  Time since last request: 176.718878 seconds.
  path: Assets/Scenes/38.unity
  artifactKey: Guid(8481742e11ad551418b07b1af89f3a20) Importer(815301076,1909f56bfc062723c751e8b465ee728b)
Start importing Assets/Scenes/38.unity using Guid(8481742e11ad551418b07b1af89f3a20) Importer(815301076,1909f56bfc062723c751e8b465ee728b)  -> (artifact id: '26843051984f9ebb952891d61741cc7e') in 0.075210 seconds 
========================================================================
Received Import Request.
  Time since last request: 110.375350 seconds.
  path: Assets/Scenes/39.unity
  artifactKey: Guid(3f4a48ca1ebfe124985365b1336dc383) Importer(815301076,1909f56bfc062723c751e8b465ee728b)
Start importing Assets/Scenes/39.unity using Guid(3f4a48ca1ebfe124985365b1336dc383) Importer(815301076,1909f56bfc062723c751e8b465ee728b)  -> (artifact id: '21e0d7f0625443b74471be234f8a2465') in 0.035272 seconds 
========================================================================
Received Prepare
Registering precompiled user dll's ...
Registered in 0.024654 seconds.
Begin MonoManager ReloadAssembly
Symbol file LoadedFromMemory doesn't match image E:\Yedek\oyunlar\miknatiss\Library\PackageCache\com.unity.visualscripting@1.6.1\Editor\VisualScripting.Core\Dependencies\DotNetZip\Unity.VisualScripting.IonicZip.dll
Symbol file LoadedFromMemory doesn't match image E:\Yedek\oyunlar\miknatiss\Library\PackageCache\com.unity.visualscripting@1.6.1\Editor\VisualScripting.Core\Dependencies\YamlDotNet\Unity.VisualScripting.YamlDotNet.dll
Native extension for WindowsStandalone target not found
Refreshing native plugins compatible for Editor in 3.46 ms, found 2 plugins.
Preloading 0 native plugins for Editor in 0.00 ms.
Mono: successfully reloaded assembly
- Completed reload, in  5.078 seconds
Platform modules already initialized, skipping
Switching build target platform(19) subTarget(0) extendedPlatform(0) -> platform(13) subTarget(537395200) extendedPlatform(0)
Refreshing native plugins compatible for Editor in 3.48 ms, found 2 plugins.
Preloading 0 native plugins for Editor in 0.00 ms.
Unloading 3649 Unused Serialized files (Serialized files now loaded: 0)
System memory in use before: 173.8 MB.
System memory in use after: 173.9 MB.

Unloading 76 unused Assets to reduce memory usage. Loaded Objects now: 4382.
Total: 9.859300 ms (FindLiveObjects: 0.869800 ms CreateObjectMapping: 0.684400 ms MarkObjects: 7.930100 ms  DeleteObjects: 0.372000 ms)

AssetImportParameters requested are different than current active one (requested -> active):
  custom:graphics/normal-map-encoding: 01000000000000000000000000000000 -> 02000000000000000000000000000000
========================================================================
Received Prepare
Registering precompiled user dll's ...
Registered in 0.029095 seconds.
Begin MonoManager ReloadAssembly
Symbol file LoadedFromMemory doesn't match image E:\Yedek\oyunlar\miknatiss\Library\PackageCache\com.unity.visualscripting@1.6.1\Editor\VisualScripting.Core\Dependencies\DotNetZip\Unity.VisualScripting.IonicZip.dll
Symbol file LoadedFromMemory doesn't match image E:\Yedek\oyunlar\miknatiss\Library\PackageCache\com.unity.visualscripting@1.6.1\Editor\VisualScripting.Core\Dependencies\YamlDotNet\Unity.VisualScripting.YamlDotNet.dll
Native extension for WindowsStandalone target not found
Refreshing native plugins compatible for Editor in 4.39 ms, found 2 plugins.
Preloading 0 native plugins for Editor in 0.00 ms.
Mono: successfully reloaded assembly
- Completed reload, in  5.977 seconds
Platform modules already initialized, skipping
Switching build target platform(19) subTarget(0) extendedPlatform(0) -> platform(13) subTarget(537395200) extendedPlatform(0)
Refreshing native plugins compatible for Editor in 3.40 ms, found 2 plugins.
Preloading 0 native plugins for Editor in 0.00 ms.
Unloading 3649 Unused Serialized files (Serialized files now loaded: 0)
System memory in use before: 173.8 MB.
System memory in use after: 173.9 MB.

Unloading 76 unused Assets to reduce memory usage. Loaded Objects now: 4385.
Total: 12.570000 ms (FindLiveObjects: 0.852800 ms CreateObjectMapping: 0.775600 ms MarkObjects: 10.564800 ms  DeleteObjects: 0.373300 ms)

AssetImportParameters requested are different than current active one (requested -> active):
  custom:graphics/normal-map-encoding: 01000000000000000000000000000000 -> 02000000000000000000000000000000
========================================================================
Received Import Request.
  Time since last request: 192.797089 seconds.
  path: Assets/Scenes/41.unity
  artifactKey: Guid(8b504cb9096f4a64fb889465d3a98d0f) Importer(815301076,1909f56bfc062723c751e8b465ee728b)
Start importing Assets/Scenes/41.unity using Guid(8b504cb9096f4a64fb889465d3a98d0f) Importer(815301076,1909f56bfc062723c751e8b465ee728b)  -> (artifact id: '63a239fa50b930d59cc54cb33f193520') in 0.076591 seconds 
========================================================================
Received Import Request.
  Time since last request: 188.809172 seconds.
  path: Assets/Scenes/40.unity
  artifactKey: Guid(8ca73dc731129c84eb3644f5f4907cca) Importer(815301076,1909f56bfc062723c751e8b465ee728b)
Start importing Assets/Scenes/40.unity using Guid(8ca73dc731129c84eb3644f5f4907cca) Importer(815301076,1909f56bfc062723c751e8b465ee728b)  -> (artifact id: 'f7414a03d2c3653e8bb049072a810dbf') in 0.032468 seconds 
========================================================================
Received Import Request.
  Time since last request: 9.417240 seconds.
  path: Assets/Scenes/41.unity
  artifactKey: Guid(8b504cb9096f4a64fb889465d3a98d0f) Importer(815301076,1909f56bfc062723c751e8b465ee728b)
Start importing Assets/Scenes/41.unity using Guid(8b504cb9096f4a64fb889465d3a98d0f) Importer(815301076,1909f56bfc062723c751e8b465ee728b)  -> (artifact id: '2c0eaac666d5e0a470dd73f9b050ca80') in 0.011297 seconds 
========================================================================
Received Import Request.
  Time since last request: 176.373109 seconds.
  path: Assets/Scenes/11.unity
  artifactKey: Guid(3a7d912a60035614484cc84c2246dbc4) Importer(815301076,1909f56bfc062723c751e8b465ee728b)
Start importing Assets/Scenes/11.unity using Guid(3a7d912a60035614484cc84c2246dbc4) Importer(815301076,1909f56bfc062723c751e8b465ee728b)  -> (artifact id: '072534a872047429412b23504a679ddd') in 0.029117 seconds 
========================================================================
Received Import Request.
  Time since last request: 80.339087 seconds.
  path: Assets/Scenes/13.unity
  artifactKey: Guid(a3e29da45b79feb40bdd1c00f87da59a) Importer(815301076,1909f56bfc062723c751e8b465ee728b)
Start importing Assets/Scenes/13.unity using Guid(a3e29da45b79feb40bdd1c00f87da59a) Importer(815301076,1909f56bfc062723c751e8b465ee728b)  -> (artifact id: '12d05427a7f88ff7d574d20442ce0c1b') in 0.360254 seconds 
========================================================================
Received Import Request.
  Time since last request: 12.350173 seconds.
  path: Assets/Scenes/14.unity
  artifactKey: Guid(7f99b1f9e647c834cb4a0927a7d30561) Importer(815301076,1909f56bfc062723c751e8b465ee728b)
Start importing Assets/Scenes/14.unity using Guid(7f99b1f9e647c834cb4a0927a7d30561) Importer(815301076,1909f56bfc062723c751e8b465ee728b)  -> (artifact id: '19ce48756be2a152a5a48d1a6b3ec269') in 0.026915 seconds 
========================================================================
Received Import Request.
  Time since last request: 23.280358 seconds.
  path: Assets/Scenes/16.unity
  artifactKey: Guid(edb36ca951b326d4fbfe7fed29ca9234) Importer(815301076,1909f56bfc062723c751e8b465ee728b)
Start importing Assets/Scenes/16.unity using Guid(edb36ca951b326d4fbfe7fed29ca9234) Importer(815301076,1909f56bfc062723c751e8b465ee728b)  -> (artifact id: 'be2eded99e02ba26a287df6a5a32d6b1') in 0.027859 seconds 
========================================================================
Received Import Request.
  Time since last request: 38.139310 seconds.
  path: Assets/Scenes/17.unity
  artifactKey: Guid(e9e882f671847d146a998981da6204dd) Importer(815301076,1909f56bfc062723c751e8b465ee728b)
Start importing Assets/Scenes/17.unity using Guid(e9e882f671847d146a998981da6204dd) Importer(815301076,1909f56bfc062723c751e8b465ee728b)  -> (artifact id: '041690a356db95708fe17856507bd5af') in 0.030593 seconds 
========================================================================
Received Import Request.
  Time since last request: 19.219072 seconds.
  path: Assets/Scenes/18.unity
  artifactKey: Guid(5e1aca2ab5a374543b56948bf6804113) Importer(815301076,1909f56bfc062723c751e8b465ee728b)
Start importing Assets/Scenes/18.unity using Guid(5e1aca2ab5a374543b56948bf6804113) Importer(815301076,1909f56bfc062723c751e8b465ee728b)  -> (artifact id: 'd474ac3a134651cb84485c1543f896b3') in 0.028619 seconds 
========================================================================
Received Import Request.
  Time since last request: 26.335125 seconds.
  path: Assets/Scenes/19.unity
  artifactKey: Guid(5acf7bf8e27f3364a8c334c506bf57c2) Importer(815301076,1909f56bfc062723c751e8b465ee728b)
Start importing Assets/Scenes/19.unity using Guid(5acf7bf8e27f3364a8c334c506bf57c2) Importer(815301076,1909f56bfc062723c751e8b465ee728b)  -> (artifact id: 'ea8573e64d8d3f73a930005cf146501d') in 0.026477 seconds 
========================================================================
Received Import Request.
  Time since last request: 45.949776 seconds.
  path: Assets/Scenes/21.unity
  artifactKey: Guid(bb4d0fea66475c64fa3a6d4d5c1f914d) Importer(815301076,1909f56bfc062723c751e8b465ee728b)
Start importing Assets/Scenes/21.unity using Guid(bb4d0fea66475c64fa3a6d4d5c1f914d) Importer(815301076,1909f56bfc062723c751e8b465ee728b)  -> (artifact id: 'fbc7a87383f9ad44b3418a5f6d20b2c5') in 0.027946 seconds 
========================================================================
Received Import Request.
  Time since last request: 6.696193 seconds.
  path: Assets/Scenes/0.unity
  artifactKey: Guid(21585b359d6636842ad5c8123c1c1692) Importer(815301076,1909f56bfc062723c751e8b465ee728b)
Start importing Assets/Scenes/0.unity using Guid(21585b359d6636842ad5c8123c1c1692) Importer(815301076,1909f56bfc062723c751e8b465ee728b)  -> (artifact id: '7a9843887d070cca8700ae38c4b4c873') in 0.026004 seconds 
========================================================================
Received Prepare
Registering precompiled user dll's ...
Registered in 0.024638 seconds.
Begin MonoManager ReloadAssembly
Symbol file LoadedFromMemory doesn't match image E:\Yedek\oyunlar\miknatiss\Library\PackageCache\com.unity.visualscripting@1.6.1\Editor\VisualScripting.Core\Dependencies\DotNetZip\Unity.VisualScripting.IonicZip.dll
Symbol file LoadedFromMemory doesn't match image E:\Yedek\oyunlar\miknatiss\Library\PackageCache\com.unity.visualscripting@1.6.1\Editor\VisualScripting.Core\Dependencies\YamlDotNet\Unity.VisualScripting.YamlDotNet.dll
Native extension for WindowsStandalone target not found
Refreshing native plugins compatible for Editor in 3.22 ms, found 2 plugins.
Preloading 0 native plugins for Editor in 0.00 ms.
Mono: successfully reloaded assembly
- Completed reload, in  4.757 seconds
Platform modules already initialized, skipping
Switching build target platform(19) subTarget(0) extendedPlatform(0) -> platform(13) subTarget(537395200) extendedPlatform(0)
Refreshing native plugins compatible for Editor in 5.50 ms, found 2 plugins.
Preloading 0 native plugins for Editor in 0.00 ms.
Unloading 3649 Unused Serialized files (Serialized files now loaded: 0)
System memory in use before: 173.9 MB.
System memory in use after: 174.0 MB.

Unloading 76 unused Assets to reduce memory usage. Loaded Objects now: 4388.
Total: 11.448300 ms (FindLiveObjects: 0.875400 ms CreateObjectMapping: 0.691700 ms MarkObjects: 9.371500 ms  DeleteObjects: 0.506100 ms)

AssetImportParameters requested are different than current active one (requested -> active):
  custom:graphics/normal-map-encoding: 01000000000000000000000000000000 -> 02000000000000000000000000000000
========================================================================
Received Import Request.
  Time since last request: 720.310671 seconds.
  path: Assets/Scenes/40.unity
  artifactKey: Guid(8ca73dc731129c84eb3644f5f4907cca) Importer(815301076,1909f56bfc062723c751e8b465ee728b)
Start importing Assets/Scenes/40.unity using Guid(8ca73dc731129c84eb3644f5f4907cca) Importer(815301076,1909f56bfc062723c751e8b465ee728b)  -> (artifact id: '8e06dde03a71afe2fb666a8716ffe454') in 0.057472 seconds 
========================================================================
Received Prepare
Registering precompiled user dll's ...
Registered in 0.027460 seconds.
Begin MonoManager ReloadAssembly
Symbol file LoadedFromMemory doesn't match image E:\Yedek\oyunlar\miknatiss\Library\PackageCache\com.unity.visualscripting@1.6.1\Editor\VisualScripting.Core\Dependencies\DotNetZip\Unity.VisualScripting.IonicZip.dll
Symbol file LoadedFromMemory doesn't match image E:\Yedek\oyunlar\miknatiss\Library\PackageCache\com.unity.visualscripting@1.6.1\Editor\VisualScripting.Core\Dependencies\YamlDotNet\Unity.VisualScripting.YamlDotNet.dll
Native extension for WindowsStandalone target not found
Refreshing native plugins compatible for Editor in 3.17 ms, found 2 plugins.
Preloading 0 native plugins for Editor in 0.00 ms.
Mono: successfully reloaded assembly
- Completed reload, in  4.997 seconds
Platform modules already initialized, skipping
Switching build target platform(19) subTarget(0) extendedPlatform(0) -> platform(13) subTarget(537395200) extendedPlatform(0)
Refreshing native plugins compatible for Editor in 3.77 ms, found 2 plugins.
Preloading 0 native plugins for Editor in 0.00 ms.
Unloading 3649 Unused Serialized files (Serialized files now loaded: 0)
System memory in use before: 174.0 MB.
System memory in use after: 174.1 MB.

Unloading 76 unused Assets to reduce memory usage. Loaded Objects now: 4391.
Total: 11.698400 ms (FindLiveObjects: 0.856100 ms CreateObjectMapping: 0.651000 ms MarkObjects: 9.557200 ms  DeleteObjects: 0.628100 ms)

AssetImportParameters requested are different than current active one (requested -> active):
  custom:graphics/normal-map-encoding: 01000000000000000000000000000000 -> 02000000000000000000000000000000
========================================================================
Received Import Request.
  Time since last request: 12.382357 seconds.
  path: Assets/Scenes/0.unity
  artifactKey: Guid(21585b359d6636842ad5c8123c1c1692) Importer(815301076,1909f56bfc062723c751e8b465ee728b)
Start importing Assets/Scenes/0.unity using Guid(21585b359d6636842ad5c8123c1c1692) Importer(815301076,1909f56bfc062723c751e8b465ee728b)  -> (artifact id: 'a9c9d161c04c5967d7f4a705d44347b6') in 0.045965 seconds 
========================================================================
Received Prepare
Refreshing native plugins compatible for Editor in 41.83 ms, found 2 plugins.
Preloading 0 native plugins for Editor in 0.00 ms.
Unloading 74 Unused Serialized files (Serialized files now loaded: 0)
System memory in use before: 103.1 MB.
System memory in use after: 103.2 MB.

Unloading 74 unused Assets to reduce memory usage. Loaded Objects now: 4391.
Total: 10.871900 ms (FindLiveObjects: 0.802200 ms CreateObjectMapping: 0.589800 ms MarkObjects: 9.097200 ms  DeleteObjects: 0.377800 ms)

AssetImportWorkerClient::OnTransportError - code=2 error=End of file
